<?xml version="1.0" encoding="UTF-8"?>
<!-- Generated by org.testng.reporters.JUnitXMLReporter -->
<testsuite ignored="1" hostname="WINDOWS-BVQNF6J" failures="0" tests="2" name="Default test" time="20.487" errors="0" timestamp="2022-10-20T17:59:24 IST">
  <testcase classname="com.citi.test.LoginTest" name="validCredentialTest" time="4.465"/>
  <testcase classname="com.citi.test.LoginTest" name="validCredentialTest" time="4.467"/>
  <testcase classname="com.citi.test.LoginTest" name="invalidCredentialTest" time="0.0">
    <ignored/>
  </testcase> <!-- invalidCredentialTest -->
</testsuite> <!-- Default test -->
