<?xml version="1.0" encoding="UTF-8"?>
<!-- Generated by org.testng.reporters.JUnitXMLReporter -->
<testsuite ignored="0" hostname="WINDOWS-BVQNF6J" failures="0" tests="3" name="Default test" time="24.304" errors="0" timestamp="2022-10-20T15:21:32 IST">
  <testcase classname="com.citi.test.LoginTest" name="invalidCredentialTest" time="1.875"/>
  <testcase classname="com.citi.test.LoginTest" name="invalidCredentialTest" time="2.216"/>
  <testcase classname="com.citi.test.LoginTest" name="validCredentialTest" time="4.215"/>
</testsuite> <!-- Default test -->
