<?xml version="1.0" encoding="UTF-8"?>
<testng-results ignored="0" total="2" passed="2" failed="0" skipped="0">
  <reporter-output>
  </reporter-output>
  <suite started-at="2022-10-19T17:57:59 IST" name="Default suite" finished-at="2022-10-19T17:58:49 IST" duration-ms="49474">
    <groups>
    </groups>
    <test started-at="2022-10-19T17:57:59 IST" name="Default test" finished-at="2022-10-19T17:58:49 IST" duration-ms="49474">
      <class name="com.citi.test.LoginUITest">
        <test-method is-config="true" signature="setup()[pri:0, instance:com.citi.test.LoginUITest@23c30a20]" started-at="2022-10-19T17:57:59 IST" name="setup" finished-at="2022-10-19T17:58:25 IST" duration-ms="25850" status="PASS">
          <reporter-output>
          </reporter-output>
        </test-method> <!-- setup -->
        <test-method signature="placeHolderTest()[pri:0, instance:com.citi.test.LoginUITest@23c30a20]" started-at="2022-10-19T17:58:25 IST" name="placeHolderTest" finished-at="2022-10-19T17:58:27 IST" duration-ms="1771" status="PASS">
          <reporter-output>
          </reporter-output>
        </test-method> <!-- placeHolderTest -->
        <test-method is-config="true" signature="conclude()[pri:0, instance:com.citi.test.LoginUITest@23c30a20]" started-at="2022-10-19T17:58:27 IST" name="conclude" finished-at="2022-10-19T17:58:27 IST" duration-ms="117" status="PASS">
          <reporter-output>
          </reporter-output>
        </test-method> <!-- conclude -->
        <test-method is-config="true" signature="setup()[pri:0, instance:com.citi.test.LoginUITest@23c30a20]" started-at="2022-10-19T17:58:27 IST" name="setup" finished-at="2022-10-19T17:58:48 IST" duration-ms="21558" status="PASS">
          <reporter-output>
          </reporter-output>
        </test-method> <!-- setup -->
        <test-method signature="titleTest()[pri:0, instance:com.citi.test.LoginUITest@23c30a20]" started-at="2022-10-19T17:58:48 IST" name="titleTest" finished-at="2022-10-19T17:58:48 IST" duration-ms="9" status="PASS">
          <reporter-output>
          </reporter-output>
        </test-method> <!-- titleTest -->
        <test-method is-config="true" signature="conclude()[pri:0, instance:com.citi.test.LoginUITest@23c30a20]" started-at="2022-10-19T17:58:48 IST" name="conclude" finished-at="2022-10-19T17:58:49 IST" duration-ms="126" status="PASS">
          <reporter-output>
          </reporter-output>
        </test-method> <!-- conclude -->
      </class> <!-- com.citi.test.LoginUITest -->
    </test> <!-- Default test -->
  </suite> <!-- Default suite -->
</testng-results>
