<?xml version="1.0" encoding="UTF-8"?>
<testng-results ignored="1" total="3" passed="2" failed="0" skipped="0">
  <reporter-output>
  </reporter-output>
  <suite started-at="2022-10-20T17:59:03 IST" name="Default suite" finished-at="2022-10-20T17:59:24 IST" duration-ms="20487">
    <groups>
    </groups>
    <test started-at="2022-10-20T17:59:03 IST" name="Default test" finished-at="2022-10-20T17:59:24 IST" duration-ms="20487">
      <class name="com.citi.test.LoginTest">
        <test-method is-config="true" signature="setup()[pri:0, instance:com.citi.test.LoginTest@55634720]" started-at="2022-10-20T17:59:04 IST" name="setup" finished-at="2022-10-20T17:59:10 IST" duration-ms="5874" status="PASS">
          <reporter-output>
          </reporter-output>
        </test-method> <!-- setup -->
        <test-method signature="validCredentialTest(java.lang.String,java.lang.String,java.lang.String)[pri:0, instance:com.citi.test.LoginTest@55634720]" started-at="2022-10-20T17:59:10 IST" name="validCredentialTest" data-provider="commonDataProvider" finished-at="2022-10-20T17:59:14 IST" duration-ms="4465" status="PASS">
          <params>
            <param index="0">
              <value>
                <![CDATA[Admin]]>
              </value>
            </param>
            <param index="1">
              <value>
                <![CDATA[admin123]]>
              </value>
            </param>
            <param index="2">
              <value>
                <![CDATA[Employee Information]]>
              </value>
            </param>
          </params>
          <reporter-output>
          </reporter-output>
        </test-method> <!-- validCredentialTest -->
        <test-method is-config="true" signature="conclude()[pri:0, instance:com.citi.test.LoginTest@55634720]" started-at="2022-10-20T17:59:14 IST" name="conclude" finished-at="2022-10-20T17:59:14 IST" duration-ms="125" status="PASS">
          <reporter-output>
          </reporter-output>
        </test-method> <!-- conclude -->
        <test-method is-config="true" signature="setup()[pri:0, instance:com.citi.test.LoginTest@55634720]" started-at="2022-10-20T17:59:14 IST" name="setup" finished-at="2022-10-20T17:59:19 IST" duration-ms="4424" status="PASS">
          <reporter-output>
          </reporter-output>
        </test-method> <!-- setup -->
        <test-method signature="validCredentialTest(java.lang.String,java.lang.String,java.lang.String)[pri:0, instance:com.citi.test.LoginTest@55634720]" started-at="2022-10-20T17:59:19 IST" name="validCredentialTest" data-provider="commonDataProvider" finished-at="2022-10-20T17:59:23 IST" duration-ms="4467" status="PASS">
          <params>
            <param index="0">
              <value>
                <![CDATA[Admin]]>
              </value>
            </param>
            <param index="1">
              <value>
                <![CDATA[admin123]]>
              </value>
            </param>
            <param index="2">
              <value>
                <![CDATA[Employee Information]]>
              </value>
            </param>
          </params>
          <reporter-output>
          </reporter-output>
        </test-method> <!-- validCredentialTest -->
        <test-method is-config="true" signature="conclude()[pri:0, instance:com.citi.test.LoginTest@55634720]" started-at="2022-10-20T17:59:23 IST" name="conclude" finished-at="2022-10-20T17:59:24 IST" duration-ms="165" status="PASS">
          <reporter-output>
          </reporter-output>
        </test-method> <!-- conclude -->
      </class> <!-- com.citi.test.LoginTest -->
    </test> <!-- Default test -->
  </suite> <!-- Default suite -->
</testng-results>
